[0.537s] DEBUG:colcon:Command line arguments: ['/usr/bin/colcon', 'build']
[0.537s] DEBUG:colcon:Parsed command line arguments: Namespace(log_base=None, log_level=None, verb_name='build', build_base='build', install_base='install', merge_install=False, symlink_install=False, test_result_base=None, continue_on_error=False, executor='parallel', parallel_workers=8, event_handlers=None, ignore_user_meta=False, metas=['./colcon.meta'], base_paths=['.'], packages_ignore=None, packages_ignore_regex=None, paths=None, packages_up_to=None, packages_up_to_regex=None, packages_above=None, packages_above_and_dependencies=None, packages_above_depth=None, packages_select_by_dep=None, packages_skip_by_dep=None, packages_skip_up_to=None, packages_select_build_failed=False, packages_skip_build_finished=False, packages_select_test_failures=False, packages_skip_test_passed=False, packages_select=None, packages_skip=None, packages_select_regex=None, packages_skip_regex=None, packages_start=None, packages_end=None, allow_overriding=[], cmake_args=None, cmake_target=None, cmake_target_skip_unavailable=False, cmake_clean_cache=False, cmake_clean_first=False, cmake_force_configure=False, ament_cmake_args=None, catkin_cmake_args=None, catkin_skip_building_tests=False, verb_parser=<colcon_defaults.argument_parser.defaults.DefaultArgumentsDecorator object at 0x7f4322734a30>, verb_extension=<colcon_core.verb.build.BuildVerb object at 0x7f4322f39f60>, main=<bound method BuildVerb.main of <colcon_core.verb.build.BuildVerb object at 0x7f4322f39f60>>)
[0.580s] Level 1:colcon.colcon_core.package_discovery:discover_packages(colcon_meta) check parameters
[0.580s] Level 1:colcon.colcon_core.package_discovery:discover_packages(recursive) check parameters
[0.580s] Level 1:colcon.colcon_core.package_discovery:discover_packages(ignore) check parameters
[0.581s] Level 1:colcon.colcon_core.package_discovery:discover_packages(path) check parameters
[0.581s] Level 1:colcon.colcon_core.package_discovery:discover_packages(colcon_meta) discover
[0.581s] Level 1:colcon.colcon_core.package_discovery:discover_packages(recursive) discover
[0.581s] INFO:colcon.colcon_core.package_discovery:Crawling recursively for packages in '/home/xianyu/rm_vision/rm_vision_ros2_galaxy_camera'
[0.581s] Level 1:colcon.colcon_core.package_identification:_identify(.) by extensions ['ignore', 'ignore_ament_install']
[0.581s] Level 1:colcon.colcon_core.package_identification:_identify(.) by extension 'ignore'
[0.581s] Level 1:colcon.colcon_core.package_identification:_identify(.) by extension 'ignore_ament_install'
[0.581s] Level 1:colcon.colcon_core.package_identification:_identify(.) by extensions ['colcon_pkg']
[0.581s] Level 1:colcon.colcon_core.package_identification:_identify(.) by extension 'colcon_pkg'
[0.581s] Level 1:colcon.colcon_core.package_identification:_identify(.) by extensions ['colcon_meta']
[0.581s] Level 1:colcon.colcon_core.package_identification:_identify(.) by extension 'colcon_meta'
[0.581s] Level 1:colcon.colcon_core.package_identification:_identify(.) by extensions ['ros']
[0.581s] Level 1:colcon.colcon_core.package_identification:_identify(.) by extension 'ros'
[0.597s] DEBUG:colcon.colcon_core.package_identification:Package '.' with type 'ros.ament_cmake' and name 'galaxy_camera'
[0.597s] Level 1:colcon.colcon_core.package_discovery:discover_packages(recursive) using defaults
[0.597s] Level 1:colcon.colcon_core.package_discovery:discover_packages(ignore) discover
[0.597s] Level 1:colcon.colcon_core.package_discovery:discover_packages(ignore) using defaults
[0.597s] Level 1:colcon.colcon_core.package_discovery:discover_packages(path) discover
[0.597s] Level 1:colcon.colcon_core.package_discovery:discover_packages(path) using defaults
[0.621s] Level 1:colcon.colcon_core.package_discovery:discover_packages(prefix_path) check parameters
[0.621s] Level 1:colcon.colcon_core.package_discovery:discover_packages(prefix_path) discover
[0.624s] DEBUG:colcon.colcon_installed_package_information.package_discovery:Found 271 installed packages in /opt/ros/humble
[0.626s] Level 1:colcon.colcon_core.package_discovery:discover_packages(prefix_path) using defaults
[0.683s] Level 5:colcon.colcon_core.verb:set package 'galaxy_camera' build argument 'cmake_args' from command line to 'None'
[0.684s] Level 5:colcon.colcon_core.verb:set package 'galaxy_camera' build argument 'cmake_target' from command line to 'None'
[0.684s] Level 5:colcon.colcon_core.verb:set package 'galaxy_camera' build argument 'cmake_target_skip_unavailable' from command line to 'False'
[0.684s] Level 5:colcon.colcon_core.verb:set package 'galaxy_camera' build argument 'cmake_clean_cache' from command line to 'False'
[0.684s] Level 5:colcon.colcon_core.verb:set package 'galaxy_camera' build argument 'cmake_clean_first' from command line to 'False'
[0.684s] Level 5:colcon.colcon_core.verb:set package 'galaxy_camera' build argument 'cmake_force_configure' from command line to 'False'
[0.684s] Level 5:colcon.colcon_core.verb:set package 'galaxy_camera' build argument 'ament_cmake_args' from command line to 'None'
[0.684s] Level 5:colcon.colcon_core.verb:set package 'galaxy_camera' build argument 'catkin_cmake_args' from command line to 'None'
[0.684s] Level 5:colcon.colcon_core.verb:set package 'galaxy_camera' build argument 'catkin_skip_building_tests' from command line to 'False'
[0.684s] DEBUG:colcon.colcon_core.verb:Building package 'galaxy_camera' with the following arguments: {'ament_cmake_args': None, 'build_base': '/home/xianyu/rm_vision/rm_vision_ros2_galaxy_camera/build/galaxy_camera', 'catkin_cmake_args': None, 'catkin_skip_building_tests': False, 'cmake_args': None, 'cmake_clean_cache': False, 'cmake_clean_first': False, 'cmake_force_configure': False, 'cmake_target': None, 'cmake_target_skip_unavailable': False, 'install_base': '/home/xianyu/rm_vision/rm_vision_ros2_galaxy_camera/install/galaxy_camera', 'merge_install': False, 'path': '/home/xianyu/rm_vision/rm_vision_ros2_galaxy_camera', 'symlink_install': False, 'test_result_base': None}
[0.684s] INFO:colcon.colcon_core.executor:Executing jobs using 'parallel' executor
[0.687s] DEBUG:colcon.colcon_parallel_executor.executor.parallel:run_until_complete
[0.687s] INFO:colcon.colcon_ros.task.ament_cmake.build:Building ROS package in '/home/xianyu/rm_vision/rm_vision_ros2_galaxy_camera' with build type 'ament_cmake'
[0.687s] INFO:colcon.colcon_cmake.task.cmake.build:Building CMake package in '/home/xianyu/rm_vision/rm_vision_ros2_galaxy_camera'
[0.693s] INFO:colcon.colcon_core.plugin_system:Skipping extension 'colcon_core.shell.bat': Not used on non-Windows systems
[0.693s] INFO:colcon.colcon_core.shell:Skip shell extension 'powershell' for command environment: Not usable outside of PowerShell
[0.693s] DEBUG:colcon.colcon_core.shell:Skip shell extension 'dsv' for command environment
[0.703s] DEBUG:colcon.colcon_core.event_handler.log_command:Invoking command in '/home/xianyu/rm_vision/rm_vision_ros2_galaxy_camera/build/galaxy_camera': CMAKE_PREFIX_PATH=/opt/ros/humble /usr/bin/cmake /home/xianyu/rm_vision/rm_vision_ros2_galaxy_camera -DCMAKE_INSTALL_PREFIX=/home/xianyu/rm_vision/rm_vision_ros2_galaxy_camera/install/galaxy_camera
[2.502s] DEBUG:colcon.colcon_core.event_handler.log_command:Invoked command in '/home/xianyu/rm_vision/rm_vision_ros2_galaxy_camera/build/galaxy_camera' returned '0': CMAKE_PREFIX_PATH=/opt/ros/humble /usr/bin/cmake /home/xianyu/rm_vision/rm_vision_ros2_galaxy_camera -DCMAKE_INSTALL_PREFIX=/home/xianyu/rm_vision/rm_vision_ros2_galaxy_camera/install/galaxy_camera
[2.503s] DEBUG:colcon.colcon_core.event_handler.log_command:Invoking command in '/home/xianyu/rm_vision/rm_vision_ros2_galaxy_camera/build/galaxy_camera': CMAKE_PREFIX_PATH=/opt/ros/humble /usr/bin/cmake --build /home/xianyu/rm_vision/rm_vision_ros2_galaxy_camera/build/galaxy_camera -- -j8 -l8
[6.111s] DEBUG:colcon.colcon_core.event_handler.log_command:Invoked command in '/home/xianyu/rm_vision/rm_vision_ros2_galaxy_camera/build/galaxy_camera' returned '2': CMAKE_PREFIX_PATH=/opt/ros/humble /usr/bin/cmake --build /home/xianyu/rm_vision/rm_vision_ros2_galaxy_camera/build/galaxy_camera -- -j8 -l8
[6.140s] Level 1:colcon.colcon_core.environment:create_environment_scripts_only(galaxy_camera)
[6.148s] Level 1:colcon.colcon_core.environment:checking '/home/xianyu/rm_vision/rm_vision_ros2_galaxy_camera/install/galaxy_camera' for CMake module files
[6.148s] Level 1:colcon.colcon_core.environment:checking '/home/xianyu/rm_vision/rm_vision_ros2_galaxy_camera/install/galaxy_camera' for CMake config files
[6.148s] Level 1:colcon.colcon_core.environment:checking '/home/xianyu/rm_vision/rm_vision_ros2_galaxy_camera/install/galaxy_camera/bin'
[6.148s] Level 1:colcon.colcon_core.environment:checking '/home/xianyu/rm_vision/rm_vision_ros2_galaxy_camera/install/galaxy_camera/lib/pkgconfig/galaxy_camera.pc'
[6.148s] Level 1:colcon.colcon_core.environment:checking '/home/xianyu/rm_vision/rm_vision_ros2_galaxy_camera/install/galaxy_camera/lib/python3.10/site-packages'
[6.149s] Level 1:colcon.colcon_core.environment:checking '/home/xianyu/rm_vision/rm_vision_ros2_galaxy_camera/install/galaxy_camera/bin'
[6.150s] INFO:colcon.colcon_core.shell:Creating package script '/home/xianyu/rm_vision/rm_vision_ros2_galaxy_camera/install/galaxy_camera/share/galaxy_camera/package.ps1'
[6.152s] INFO:colcon.colcon_core.shell:Creating package descriptor '/home/xianyu/rm_vision/rm_vision_ros2_galaxy_camera/install/galaxy_camera/share/galaxy_camera/package.dsv'
[6.153s] INFO:colcon.colcon_core.shell:Creating package script '/home/xianyu/rm_vision/rm_vision_ros2_galaxy_camera/install/galaxy_camera/share/galaxy_camera/package.sh'
[6.153s] INFO:colcon.colcon_core.shell:Creating package script '/home/xianyu/rm_vision/rm_vision_ros2_galaxy_camera/install/galaxy_camera/share/galaxy_camera/package.bash'
[6.154s] INFO:colcon.colcon_core.shell:Creating package script '/home/xianyu/rm_vision/rm_vision_ros2_galaxy_camera/install/galaxy_camera/share/galaxy_camera/package.zsh'
[6.155s] Level 1:colcon.colcon_core.environment:create_file_with_runtime_dependencies(/home/xianyu/rm_vision/rm_vision_ros2_galaxy_camera/install/galaxy_camera/share/colcon-core/packages/galaxy_camera)
[6.165s] DEBUG:colcon.colcon_parallel_executor.executor.parallel:closing loop
[6.166s] DEBUG:colcon.colcon_parallel_executor.executor.parallel:loop closed
[6.166s] DEBUG:colcon.colcon_parallel_executor.executor.parallel:run_until_complete finished with '2'
[6.166s] DEBUG:colcon.colcon_core.event_reactor:joining thread
[6.174s] INFO:colcon.colcon_core.plugin_system:Skipping extension 'colcon_notification.desktop_notification.terminal_notifier': Not used on non-Darwin systems
[6.175s] INFO:colcon.colcon_core.plugin_system:Skipping extension 'colcon_notification.desktop_notification.win32': Not used on non-Windows systems
[6.175s] INFO:colcon.colcon_notification.desktop_notification:Sending desktop notification using 'notify2'
[6.303s] DEBUG:colcon.colcon_core.event_reactor:joined thread
[6.310s] INFO:colcon.colcon_core.shell:Creating prefix script '/home/xianyu/rm_vision/rm_vision_ros2_galaxy_camera/install/local_setup.ps1'
[6.333s] INFO:colcon.colcon_core.shell:Creating prefix util module '/home/xianyu/rm_vision/rm_vision_ros2_galaxy_camera/install/_local_setup_util_ps1.py'
[6.335s] INFO:colcon.colcon_core.shell:Creating prefix chain script '/home/xianyu/rm_vision/rm_vision_ros2_galaxy_camera/install/setup.ps1'
[6.338s] INFO:colcon.colcon_core.shell:Creating prefix script '/home/xianyu/rm_vision/rm_vision_ros2_galaxy_camera/install/local_setup.sh'
[6.338s] INFO:colcon.colcon_core.shell:Creating prefix util module '/home/xianyu/rm_vision/rm_vision_ros2_galaxy_camera/install/_local_setup_util_sh.py'
[6.339s] INFO:colcon.colcon_core.shell:Creating prefix chain script '/home/xianyu/rm_vision/rm_vision_ros2_galaxy_camera/install/setup.sh'
[6.341s] INFO:colcon.colcon_core.shell:Creating prefix script '/home/xianyu/rm_vision/rm_vision_ros2_galaxy_camera/install/local_setup.bash'
[6.342s] INFO:colcon.colcon_core.shell:Creating prefix chain script '/home/xianyu/rm_vision/rm_vision_ros2_galaxy_camera/install/setup.bash'
[6.343s] INFO:colcon.colcon_core.shell:Creating prefix script '/home/xianyu/rm_vision/rm_vision_ros2_galaxy_camera/install/local_setup.zsh'
[6.344s] INFO:colcon.colcon_core.shell:Creating prefix chain script '/home/xianyu/rm_vision/rm_vision_ros2_galaxy_camera/install/setup.zsh'
