[0.015s] Invoking command in '/home/xianyu/rm_vision/rm_vision_ros2_galaxy_camera/build/galaxy_camera': CMAKE_PREFIX_PATH=/opt/ros/humble /usr/bin/cmake /home/xianyu/rm_vision/rm_vision_ros2_galaxy_camera -DCMAKE_INSTALL_PREFIX=/home/xianyu/rm_vision/rm_vision_ros2_galaxy_camera/install/galaxy_camera
[0.155s] -- The C compiler identification is GNU 11.4.0
[0.252s] -- The CXX compiler identification is GNU 11.4.0
[0.261s] -- Detecting C compiler ABI info
[0.336s] -- Detecting C compiler ABI info - done
[0.343s] -- Check for working C compiler: /usr/bin/cc - skipped
[0.344s] -- Detecting C compile features
[0.344s] -- Detecting C compile features - done
[0.348s] -- Detecting CXX compiler ABI info
[0.433s] -- Detecting CXX compiler ABI info - done
[0.441s] -- Check for working CXX compiler: /usr/bin/c++ - skipped
[0.441s] -- Detecting CXX compile features
[0.441s] -- Detecting CXX compile features - done
[0.444s] -- Found ament_cmake_auto: 1.3.5 (/opt/ros/humble/share/ament_cmake_auto/cmake)
[0.612s] -- Found Python3: /usr/bin/python3.10 (found version "3.10.12") found components: Interpreter 
[0.809s] -- Found rosidl_generator_c: 3.1.5 (/opt/ros/humble/share/rosidl_generator_c/cmake)
[0.814s] -- Found rosidl_adapter: 3.1.5 (/opt/ros/humble/share/rosidl_adapter/cmake)
[0.823s] -- Found rosidl_generator_cpp: 3.1.5 (/opt/ros/humble/share/rosidl_generator_cpp/cmake)
[0.840s] -- Using all available rosidl_typesupport_c: rosidl_typesupport_fastrtps_c;rosidl_typesupport_introspection_c
[0.861s] -- Using all available rosidl_typesupport_cpp: rosidl_typesupport_fastrtps_cpp;rosidl_typesupport_introspection_cpp
[0.938s] -- Found rmw_implementation_cmake: 6.1.1 (/opt/ros/humble/share/rmw_implementation_cmake/cmake)
[0.942s] -- Found rmw_fastrtps_cpp: 6.2.3 (/opt/ros/humble/share/rmw_fastrtps_cpp/cmake)
[1.044s] -- Found OpenSSL: /usr/lib/x86_64-linux-gnu/libcrypto.so (found version "3.0.2")  
[1.069s] -- Found FastRTPS: /opt/ros/humble/include  
[1.112s] -- Using RMW implementation 'rmw_fastrtps_cpp' as default
[1.122s] -- Looking for pthread.h
[1.203s] -- Looking for pthread.h - found
[1.203s] -- Performing Test CMAKE_HAVE_LIBC_PTHREAD
[1.284s] -- Performing Test CMAKE_HAVE_LIBC_PTHREAD - Success
[1.285s] -- Found Threads: TRUE  
[1.747s] -- Found ament_lint_auto: 0.12.7 (/opt/ros/humble/share/ament_lint_auto/cmake)
[1.776s] -- Added test 'cppcheck' to perform static code analysis on C / C++ code
[1.777s] -- Configured cppcheck include dirs: /home/xianyu/rm_vision/rm_vision_ros2_galaxy_camera/GalaxySDK/include
[1.777s] -- Configured cppcheck exclude dirs and/or files: 
[1.778s] -- Added test 'flake8' to check Python code syntax and style conventions
[1.780s] -- Added test 'lint_cmake' to check CMake code style
[1.782s] -- Added test 'pep257' to check Python code against some of the docstring style conventions in PEP 257
[1.783s] -- Added test 'xmllint' to check XML markup files
[1.786s] -- Configuring done
[1.801s] -- Generating done
[1.803s] -- Build files have been written to: /home/xianyu/rm_vision/rm_vision_ros2_galaxy_camera/build/galaxy_camera
[1.814s] Invoked command in '/home/xianyu/rm_vision/rm_vision_ros2_galaxy_camera/build/galaxy_camera' returned '0': CMAKE_PREFIX_PATH=/opt/ros/humble /usr/bin/cmake /home/xianyu/rm_vision/rm_vision_ros2_galaxy_camera -DCMAKE_INSTALL_PREFIX=/home/xianyu/rm_vision/rm_vision_ros2_galaxy_camera/install/galaxy_camera
[1.815s] Invoking command in '/home/xianyu/rm_vision/rm_vision_ros2_galaxy_camera/build/galaxy_camera': CMAKE_PREFIX_PATH=/opt/ros/humble /usr/bin/cmake --build /home/xianyu/rm_vision/rm_vision_ros2_galaxy_camera/build/galaxy_camera -- -j8 -l8
[1.867s] [ 50%] [32mBuilding CXX object CMakeFiles/galaxy_camera_node.dir/rclcpp_components/node_main_galaxy_camera_node.cpp.o[0m
[1.867s] [ 50%] [32mBuilding CXX object CMakeFiles/galaxy_camera.dir/src/galaxy_camera_node.cpp.o[0m
[1.982s] [01m[K/home/xianyu/rm_vision/rm_vision_ros2_galaxy_camera/src/galaxy_camera_node.cpp:6:10:[m[K [01;31m[Kfatal error: [m[Kcamera_info_manager/camera_info_manager.hpp: 没有那个文件或目录
[1.982s]     6 | #include [01;31m[K<camera_info_manager/camera_info_manager.hpp>[m[K
[1.982s]       |          [01;31m[K^~~~~~~~~~~~~~~~~~~~~~~~~~~~~~~~~~~~~~~~~~~~~[m[K
[1.982s] compilation terminated.
[1.984s] gmake[2]: *** [CMakeFiles/galaxy_camera.dir/build.make:76：CMakeFiles/galaxy_camera.dir/src/galaxy_camera_node.cpp.o] 错误 1
[1.984s] gmake[1]: *** [CMakeFiles/Makefile2:139：CMakeFiles/galaxy_camera.dir/all] 错误 2
[1.984s] gmake[1]: *** 正在等待未完成的任务....
[5.271s] [ 75%] [32m[1mLinking CXX executable galaxy_camera_node[0m
[5.420s] [ 75%] Built target galaxy_camera_node
[5.421s] gmake: *** [Makefile:146：all] 错误 2
[5.423s] Invoked command in '/home/xianyu/rm_vision/rm_vision_ros2_galaxy_camera/build/galaxy_camera' returned '2': CMAKE_PREFIX_PATH=/opt/ros/humble /usr/bin/cmake --build /home/xianyu/rm_vision/rm_vision_ros2_galaxy_camera/build/galaxy_camera -- -j8 -l8
